platforms/android/app/build/outputs/logs/manifest-merger-release-report.txt
-- Merging decision tree log ---
provider#org.apache.cordova.camera.FileProvider
INJECTED from src\main\AndroidManifest.xml:12:9-14:20
	android:grantUriPermissions
		ADDED from src\main\AndroidManifest.xml:12:92-126
	android:authorities
		INJECTED from src\main\AndroidManifest.xml
		ADDED from src\main\AndroidManifest.xml:12:19-66
	android:exported
		ADDED from src\main\AndroidManifest.xml:12:67-91
	android:name
		ADDED from src\main\AndroidManifest.xml:12:127-180
provider#nl.xservices.plugins.FileProvider
INJECTED from src\main\AndroidManifest.xml:35:9-37:20
	android:grantUriPermissions
		ADDED from src\main\AndroidManifest.xml:35:100-134
	android:authorities
		INJECTED from src\main\AndroidManifest.xml
		ADDED from src\main\AndroidManifest.xml:35:19-74
	android:exported
		ADDED from src\main\AndroidManifest.xml:35:75-99
	android:name
		ADDED from src\main\AndroidManifest.xml:35:135-183
manifest
ADDED from src\main\AndroidManifest.xml:2:1-58:12
INJECTED from src\main\AndroidManifest.xml:2:1-58:12
INJECTED from src\main\AndroidManifest.xml:2:1-58:12
INJECTED from src\main\AndroidManifest.xml:2:1-58:12
MERGED from [io.card:android-sdk:5.4.0] AndroidManifest.xml:2:1-28:12
MERGED from [com.paypal.sdk:paypal-android-sdk:2.15.3] AndroidManifest.xml:2:1-28:12
MERGED from [me.leolin:ShortcutBadger:1.1.4] AndroidManifest.xml:2:1-35:12
MERGED from [com.google.firebase:firebase-auth:16.2.1] AndroidManifest.xml:17:1-42:12
MERGED from [com.crashlytics.sdk.android:crashlytics:2.9.1] AndroidManifest.xml:2:1-19:12
MERGED from [com.onesignal:OneSignal:3.10.5] AndroidManifest.xml:2:1-107:12
MERGED from [com.facebook.android:facebook-android-sdk:4.40.0] AndroidManifest.xml:21:1-31:12
MERGED from [com.facebook.android:facebook-login:4.40.0] AndroidManifest.xml:21:1-31:12
MERGED from [com.facebook.android:facebook-share:4.40.0] AndroidManifest.xml:21:1-31:12
MERGED from [com.facebook.android:facebook-common:4.40.0] AndroidManifest.xml:21:1-37:12
MERGED from [com.google.android.gms:play-services-tagmanager:16.0.8] AndroidManifest.xml:17:1-22:12
MERGED from [com.google.firebase:firebase-perf:16.2.5] AndroidManifest.xml:17:1-41:12
MERGED from [com.google.android.gms:play-services-auth:15.0.1] AndroidManifest.xml:17:1-39:12
MERGED from [com.google.android.gms:play-services-identity:15.0.1] AndroidManifest.xml:17:1-24:12
MERGED from [com.google.android.gms:play-services-tagmanager-api:16.0.8] AndroidManifest.xml:17:1-47:12
MERGED from [com.google.android.gms:play-services-analytics-impl:16.0.8] AndroidManifest.xml:17:1-31:12
MERGED from [com.google.firebase:firebase-core:16.0.8] AndroidManifest.xml:2:1-9:12
MERGED from [com.google.firebase:firebase-analytics:16.4.0] AndroidManifest.xml:2:1-9:12
MERGED from [com.google.android.gms:play-services-measurement:16.4.0] AndroidManifest.xml:17:1-55:12
MERGED from [com.google.android.gms:play-services-measurement-api:16.4.0] AndroidManifest.xml:17:1-36:12
MERGED from [com.google.android.gms:play-services-measurement-sdk:16.4.0] AndroidManifest.xml:17:1-25:12
MERGED from [com.google.android.gms:play-services-measurement-impl:16.4.0] AndroidManifest.xml:17:1-40:12
MERGED from [com.google.android.gms:play-services-ads-identifier:16.0.0] AndroidManifest.xml:17:1-24:12
MERGED from [com.google.firebase:firebase-config:16.5.0] AndroidManifest.xml:2:1-15:12
MERGED from [com.google.firebase:firebase-messaging:17.6.0] AndroidManifest.xml:17:1-37:12
MERGED from [com.google.firebase:firebase-iid:17.1.2] AndroidManifest.xml:17:1-59:12
MERGED from [com.google.android.gms:play-services-stats:16.0.1] AndroidManifest.xml:2:1-9:12
MERGED from [com.google.android.gms:play-services-clearcut:16.0.0] AndroidManifest.xml:17:1-24:12
MERGED from [com.google.android.gms:play-services-phenotype:16.0.0] AndroidManifest.xml:17:1-24:12
MERGED from [com.google.android.gms:play-services-auth-api-phone:15.0.1] AndroidManifest.xml:2:1-7:12
MERGED from [com.google.android.gms:play-services-auth-base:15.0.1] AndroidManifest.xml:2:1-7:12
MERGED from [com.google.android.gms:play-services-location:15.0.1] AndroidManifest.xml:2:1-9:12
MERGED from [com.google.android.gms:play-services-places-placereport:15.0.1] AndroidManifest.xml:17:1-24:12
MERGED from [com.google.android.gms:play-services-measurement-sdk-api:16.4.0] AndroidManifest.xml:17:1-30:12
MERGED from [com.google.android.gms:play-services-measurement-base:16.4.0] AndroidManifest.xml:2:1-9:12
MERGED from [com.google.firebase:firebase-abt:17.1.0] AndroidManifest.xml:2:1-15:12
MERGED from [com.google.firebase:firebase-measurement-connector:17.0.1] AndroidManifest.xml:17:1-25:12
MERGED from [com.google.android.gms:play-services-flags:16.0.1] AndroidManifest.xml:17:1-22:12
MERGED from [com.google.firebase:firebase-auth-interop:16.0.1] AndroidManifest.xml:2:1-10:12
MERGED from [com.google.firebase:firebase-common:16.1.0] AndroidManifest.xml:2:1-19:12
MERGED from [com.google.firebase:firebase-iid-interop:16.0.1] AndroidManifest.xml:2:1-10:12
MERGED from [com.google.android.gms:play-services-base:16.0.1] AndroidManifest.xml:17:1-29:12
MERGED from [com.google.android.gms:play-services-tasks:16.0.1] AndroidManifest.xml:2:1-9:12
MERGED from [com.google.android.gms:play-services-basement:16.2.0] AndroidManifest.xml:17:1-28:12
MERGED from [com.android.support:support-v4:27.0.2] AndroidManifest.xml:17:1-22:12
MERGED from [com.android.support:appcompat-v7:27.0.2] AndroidManifest.xml:17:1-22:12
MERGED from [:CordovaLib] AndroidManifest.xml:20:1-27:12
MERGED from [com.android.support:multidex:1.0.2] AndroidManifest.xml:17:1-22:12
MERGED from [com.crashlytics.sdk.android:beta:1.2.7] AndroidManifest.xml:2:1-13:12
MERGED from [com.crashlytics.sdk.android:crashlytics-core:2.6.1] AndroidManifest.xml:45:1-56:12
MERGED from [com.crashlytics.sdk.android:answers:1.4.1] AndroidManifest.xml:2:1-13:12
MERGED from [io.fabric.sdk.android:fabric:1.4.2] AndroidManifest.xml:22:1-33:12
MERGED from [com.android.support:support-media-compat:27.0.2] AndroidManifest.xml:17:1-22:12
MERGED from [com.android.support:support-fragment:27.0.2] AndroidManifest.xml:17:1-22:12
MERGED from [com.facebook.android:facebook-places:4.40.0] AndroidManifest.xml:21:1-31:12
MERGED from [com.facebook.android:facebook-applinks:4.40.0] AndroidManifest.xml:21:1-31:12
MERGED from [com.facebook.android:facebook-messenger:4.40.0] AndroidManifest.xml:21:1-31:12
MERGED from [com.facebook.android:facebook-marketing:4.40.0] AndroidManifest.xml:21:1-35:12
MERGED from [com.facebook.android:facebook-core:4.40.0] AndroidManifest.xml:21:1-53:12
MERGED from [com.android.support:support-core-utils:27.0.2] AndroidManifest.xml:17:1-22:12
MERGED from [com.android.support:animated-vector-drawable:27.0.2] AndroidManifest.xml:17:1-22:12
MERGED from [com.android.support:support-core-ui:27.0.2] AndroidManifest.xml:17:1-22:12
MERGED from [com.android.support:support-vector-drawable:27.0.2] AndroidManifest.xml:17:1-22:12
MERGED from [com.android.support:customtabs:27.0.2] AndroidManifest.xml:17:1-22:12
MERGED from [com.android.support:support-compat:27.0.2] AndroidManifest.xml:17:1-22:12
MERGED from [com.android.support:cardview-v7:27.0.2] AndroidManifest.xml:17:1-22:12
MERGED from [android.arch.lifecycle:runtime:1.0.3] AndroidManifest.xml:17:1-24:12
INJECTED from src\main\AndroidManifest.xml:2:1-58:12
INJECTED from src\main\AndroidManifest.xml:2:1-58:12
INJECTED from src\main\AndroidManifest.xml:2:1-58:12
	package
		ADDED from src\main\AndroidManifest.xml:2:98-122
		INJECTED from src\main\AndroidManifest.xml
		INJECTED from src\main\AndroidManifest.xml
	android:versionName
		ADDED from src\main\AndroidManifest.xml:2:70-97
		INJECTED from src\main\AndroidManifest.xml
		INJECTED from src\main\AndroidManifest.xml
	android:hardwareAccelerated
		ADDED from src\main\AndroidManifest.xml:2:11-45
	xmlns:android
		ADDED from src\main\AndroidManifest.xml:2:123-181
	android:versionCode
		ADDED from src\main\AndroidManifest.xml:2:46-69
		INJECTED from src\main\AndroidManifest.xml
		INJECTED from src\main\AndroidManifest.xml
supports-screens
ADDED from src\main\AndroidManifest.xml:3:5-191
	android:largeScreens
		ADDED from src\main\AndroidManifest.xml:3:49-76
	android:smallScreens
		ADDED from src\main\AndroidManifest.xml:3:132-159
	android:normalScreens
		ADDED from src\main\AndroidManifest.xml:3:77-105
	android:xlargeScreens
		ADDED from src\main\AndroidManifest.xml:3:160-188
	android:resizeable
		ADDED from src\main\AndroidManifest.xml:3:106-131
	android:anyDensity
		ADDED from src\main\AndroidManifest.xml:3:23-48
uses-permission#android.permission.INTERNET
ADDED from src\main\AndroidManifest.xml:4:5-67
MERGED from [com.paypal.sdk:paypal-android-sdk:2.15.3] AndroidManifest.xml:10:5-67
MERGED from [com.paypal.sdk:paypal-android-sdk:2.15.3] AndroidManifest.xml:10:5-67
MERGED from [com.crashlytics.sdk.android:crashlytics:2.9.1] AndroidManifest.xml:9:5-67
MERGED from [com.crashlytics.sdk.android:crashlytics:2.9.1] AndroidManifest.xml:9:5-67
MERGED from [com.onesignal:OneSignal:3.10.5] AndroidManifest.xml:17:5-67
MERGED from [com.onesignal:OneSignal:3.10.5] AndroidManifest.xml:17:5-67
MERGED from [com.google.firebase:firebase-perf:16.2.5] AndroidManifest.xml:22:5-67
MERGED from [com.google.firebase:firebase-perf:16.2.5] AndroidManifest.xml:22:5-67
MERGED from [com.google.android.gms:play-services-tagmanager-api:16.0.8] AndroidManifest.xml:23:5-67
MERGED from [com.google.android.gms:play-services-tagmanager-api:16.0.8] AndroidManifest.xml:23:5-67
MERGED from [com.google.android.gms:play-services-analytics-impl:16.0.8] AndroidManifest.xml:23:5-67
MERGED from [com.google.android.gms:play-services-analytics-impl:16.0.8] AndroidManifest.xml:23:5-67
MERGED from [com.google.android.gms:play-services-measurement:16.4.0] AndroidManifest.xml:23:5-67
MERGED from [com.google.android.gms:play-services-measurement:16.4.0] AndroidManifest.xml:23:5-67
MERGED from [com.google.android.gms:play-services-measurement-api:16.4.0] AndroidManifest.xml:22:5-67
MERGED from [com.google.android.gms:play-services-measurement-api:16.4.0] AndroidManifest.xml:22:5-67
MERGED from [com.google.android.gms:play-services-measurement-impl:16.4.0] AndroidManifest.xml:23:5-67
MERGED from [com.google.android.gms:play-services-measurement-impl:16.4.0] AndroidManifest.xml:23:5-67
MERGED from [com.google.firebase:firebase-iid:17.1.2] AndroidManifest.xml:23:5-67
MERGED from [com.google.firebase:firebase-iid:17.1.2] AndroidManifest.xml:23:5-67
MERGED from [com.google.android.gms:play-services-measurement-sdk-api:16.4.0] AndroidManifest.xml:23:5-67
MERGED from [com.google.android.gms:play-services-measurement-sdk-api:16.4.0] AndroidManifest.xml:23:5-67
MERGED from [com.crashlytics.sdk.android:beta:1.2.7] AndroidManifest.xml:9:5-67
MERGED from [com.crashlytics.sdk.android:beta:1.2.7] AndroidManifest.xml:9:5-67
MERGED from [com.crashlytics.sdk.android:crashlytics-core:2.6.1] AndroidManifest.xml:52:5-67
MERGED from [com.crashlytics.sdk.android:crashlytics-core:2.6.1] AndroidManifest.xml:52:5-67
MERGED from [com.crashlytics.sdk.android:answers:1.4.1] AndroidManifest.xml:9:5-67
MERGED from [com.crashlytics.sdk.android:answers:1.4.1] AndroidManifest.xml:9:5-67
MERGED from [io.fabric.sdk.android:fabric:1.4.2] AndroidManifest.xml:29:5-67
MERGED from [io.fabric.sdk.android:fabric:1.4.2] AndroidManifest.xml:29:5-67
	android:name
		ADDED from src\main\AndroidManifest.xml:4:22-64
application
ADDED from src\main\AndroidManifest.xml:5:5-47:19
MERGED from [io.card:android-sdk:5.4.0] AndroidManifest.xml:21:5-26:19
MERGED from [io.card:android-sdk:5.4.0] AndroidManifest.xml:21:5-26:19
MERGED from [com.paypal.sdk:paypal-android-sdk:2.15.3] AndroidManifest.xml:12:5-26:19
MERGED from [com.paypal.sdk:paypal-android-sdk:2.15.3] AndroidManifest.xml:12:5-26:19
MERGED from [com.google.firebase:firebase-auth:16.2.1] AndroidManifest.xml:23:5-40:19
MERGED from [com.google.firebase:firebase-auth:16.2.1] AndroidManifest.xml:23:5-40:19
MERGED from [com.crashlytics.sdk.android:crashlytics:2.9.1] AndroidManifest.xml:11:5-17:19
MERGED from [com.crashlytics.sdk.android:crashlytics:2.9.1] AndroidManifest.xml:11:5-17:19
MERGED from [com.onesignal:OneSignal:3.10.5] AndroidManifest.xml:49:5-105:19
MERGED from [com.onesignal:OneSignal:3.10.5] AndroidManifest.xml:49:5-105:19
MERGED from [com.facebook.android:facebook-android-sdk:4.40.0] AndroidManifest.xml:28:5-29:19
MERGED from [com.facebook.android:facebook-android-sdk:4.40.0] AndroidManifest.xml:28:5-29:19
MERGED from [com.facebook.android:facebook-login:4.40.0] AndroidManifest.xml:28:5-29:19
MERGED from [com.facebook.android:facebook-login:4.40.0] AndroidManifest.xml:28:5-29:19
MERGED from [com.facebook.android:facebook-share:4.40.0] AndroidManifest.xml:28:5-29:19
MERGED from [com.facebook.android:facebook-share:4.40.0] AndroidManifest.xml:28:5-29:19
MERGED from [com.facebook.android:facebook-common:4.40.0] AndroidManifest.xml:28:5-35:19
MERGED from [com.facebook.android:facebook-common:4.40.0] AndroidManifest.xml:28:5-35:19
MERGED from [com.google.firebase:firebase-perf:16.2.5] AndroidManifest.xml:27:5-39:19
MERGED from [com.google.firebase:firebase-perf:16.2.5] AndroidManifest.xml:27:5-39:19
MERGED from [com.google.android.gms:play-services-auth:15.0.1] AndroidManifest.xml:22:5-37:19
MERGED from [com.google.android.gms:play-services-auth:15.0.1] AndroidManifest.xml:22:5-37:19
MERGED from [com.google.android.gms:play-services-identity:15.0.1] AndroidManifest.xml:22:5-20
MERGED from [com.google.android.gms:play-services-identity:15.0.1] AndroidManifest.xml:22:5-20
MERGED from [com.google.android.gms:play-services-tagmanager-api:16.0.8] AndroidManifest.xml:26:5-45:19
MERGED from [com.google.android.gms:play-services-tagmanager-api:16.0.8] AndroidManifest.xml:26:5-45:19
MERGED from [com.google.android.gms:play-services-analytics-impl:16.0.8] AndroidManifest.xml:29:5-20
MERGED from [com.google.android.gms:play-services-analytics-impl:16.0.8] AndroidManifest.xml:29:5-20
MERGED from [com.google.firebase:firebase-core:16.0.8] AndroidManifest.xml:7:5-20
MERGED from [com.google.firebase:firebase-core:16.0.8] AndroidManifest.xml:7:5-20
MERGED from [com.google.firebase:firebase-analytics:16.4.0] AndroidManifest.xml:7:5-20
MERGED from [com.google.firebase:firebase-analytics:16.4.0] AndroidManifest.xml:7:5-20
MERGED from [com.google.android.gms:play-services-measurement:16.4.0] AndroidManifest.xml:28:5-53:19
MERGED from [com.google.android.gms:play-services-measurement:16.4.0] AndroidManifest.xml:28:5-53:19
MERGED from [com.google.android.gms:play-services-measurement-api:16.4.0] AndroidManifest.xml:26:5-34:19
MERGED from [com.google.android.gms:play-services-measurement-api:16.4.0] AndroidManifest.xml:26:5-34:19
MERGED from [com.google.android.gms:play-services-measurement-sdk:16.4.0] AndroidManifest.xml:22:5-23:19
MERGED from [com.google.android.gms:play-services-measurement-sdk:16.4.0] AndroidManifest.xml:22:5-23:19
MERGED from [com.google.android.gms:play-services-measurement-impl:16.4.0] AndroidManifest.xml:28:5-38:19
MERGED from [com.google.android.gms:play-services-measurement-impl:16.4.0] AndroidManifest.xml:28:5-38:19
MERGED from [com.google.android.gms:play-services-ads-identifier:16.0.0] AndroidManifest.xml:22:5-20
MERGED from [com.google.android.gms:play-services-ads-identifier:16.0.0] AndroidManifest.xml:22:5-20
MERGED from [com.google.firebase:firebase-config:16.5.0] AndroidManifest.xml:7:5-13:19
MERGED from [com.google.firebase:firebase-config:16.5.0] AndroidManifest.xml:7:5-13:19
MERGED from [com.google.firebase:firebase-messaging:17.6.0] AndroidManifest.xml:22:5-35:19
MERGED from [com.google.firebase:firebase-messaging:17.6.0] AndroidManifest.xml:22:5-35:19
MERGED from [com.google.firebase:firebase-iid:17.1.2] AndroidManifest.xml:28:5-57:19
MERGED from [com.google.firebase:firebase-iid:17.1.2] AndroidManifest.xml:28:5-57:19
MERGED from [com.google.android.gms:play-services-stats:16.0.1] AndroidManifest.xml:7:5-20
MERGED from [com.google.android.gms:play-services-stats:16.0.1] AndroidManifest.xml:7:5-20
MERGED from [com.google.android.gms:play-services-clearcut:16.0.0] AndroidManifest.xml:22:5-20
MERGED from [com.google.android.gms:play-services-clearcut:16.0.0] AndroidManifest.xml:22:5-20
MERGED from [com.google.android.gms:play-services-phenotype:16.0.0] AndroidManifest.xml:22:5-20
MERGED from [com.google.android.gms:play-services-phenotype:16.0.0] AndroidManifest.xml:22:5-20
MERGED from [com.google.android.gms:play-services-location:15.0.1] AndroidManifest.xml:7:5-20
MERGED from [com.google.android.gms:play-services-location:15.0.1] AndroidManifest.xml:7:5-20
MERGED from [com.google.android.gms:play-services-places-placereport:15.0.1] AndroidManifest.xml:22:5-20
MERGED from [com.google.android.gms:play-services-places-placereport:15.0.1] AndroidManifest.xml:22:5-20
MERGED from [com.google.android.gms:play-services-measurement-sdk-api:16.4.0] AndroidManifest.xml:27:5-28:19
MERGED from [com.google.android.gms:play-services-measurement-sdk-api:16.4.0] AndroidManifest.xml:27:5-28:19
MERGED from [com.google.android.gms:play-services-measurement-base:16.4.0] AndroidManifest.xml:7:5-20
MERGED from [com.google.android.gms:play-services-measurement-base:16.4.0] AndroidManifest.xml:7:5-20
MERGED from [com.google.firebase:firebase-abt:17.1.0] AndroidManifest.xml:7:5-13:19
MERGED from [com.google.firebase:firebase-abt:17.1.0] AndroidManifest.xml:7:5-13:19
MERGED from [com.google.firebase:firebase-measurement-connector:17.0.1] AndroidManifest.xml:22:5-23:19
MERGED from [com.google.firebase:firebase-measurement-connector:17.0.1] AndroidManifest.xml:22:5-23:19
MERGED from [com.google.firebase:firebase-auth-interop:16.0.1] AndroidManifest.xml:7:5-8:19
MERGED from [com.google.firebase:firebase-auth-interop:16.0.1] AndroidManifest.xml:7:5-8:19
MERGED from [com.google.firebase:firebase-common:16.1.0] AndroidManifest.xml:11:5-17:19
MERGED from [com.google.firebase:firebase-common:16.1.0] AndroidManifest.xml:11:5-17:19
MERGED from [com.google.firebase:firebase-iid-interop:16.0.1] AndroidManifest.xml:7:5-8:19
MERGED from [com.google.firebase:firebase-iid-interop:16.0.1] AndroidManifest.xml:7:5-8:19
MERGED from [com.google.android.gms:play-services-base:16.0.1] AndroidManifest.xml:22:5-27:19
MERGED from [com.google.android.gms:play-services-base:16.0.1] AndroidManifest.xml:22:5-27:19
MERGED from [com.google.android.gms:play-services-tasks:16.0.1] AndroidManifest.xml:7:5-20
MERGED from [com.google.android.gms:play-services-tasks:16.0.1] AndroidManifest.xml:7:5-20
MERGED from [com.google.android.gms:play-services-basement:16.2.0] AndroidManifest.xml:22:5-26:19
MERGED from [com.google.android.gms:play-services-basement:16.2.0] AndroidManifest.xml:22:5-26:19
MERGED from [com.crashlytics.sdk.android:beta:1.2.7] AndroidManifest.xml:11:5-20
MERGED from [com.crashlytics.sdk.android:beta:1.2.7] AndroidManifest.xml:11:5-20
MERGED from [com.crashlytics.sdk.android:crashlytics-core:2.6.1] AndroidManifest.xml:54:5-20
MERGED from [com.crashlytics.sdk.android:crashlytics-core:2.6.1] AndroidManifest.xml:54:5-20
MERGED from [com.crashlytics.sdk.android:answers:1.4.1] AndroidManifest.xml:11:5-20
MERGED from [com.crashlytics.sdk.android:answers:1.4.1] AndroidManifest.xml:11:5-20
MERGED from [io.fabric.sdk.android:fabric:1.4.2] AndroidManifest.xml:31:5-20
MERGED from [io.fabric.sdk.android:fabric:1.4.2] AndroidManifest.xml:31:5-20
MERGED from [com.facebook.android:facebook-places:4.40.0] AndroidManifest.xml:28:5-29:19
MERGED from [com.facebook.android:facebook-places:4.40.0] AndroidManifest.xml:28:5-29:19
MERGED from [com.facebook.android:facebook-applinks:4.40.0] AndroidManifest.xml:28:5-29:19
MERGED from [com.facebook.android:facebook-applinks:4.40.0] AndroidManifest.xml:28:5-29:19
MERGED from [com.facebook.android:facebook-messenger:4.40.0] AndroidManifest.xml:28:5-29:19
MERGED from [com.facebook.android:facebook-messenger:4.40.0] AndroidManifest.xml:28:5-29:19
MERGED from [com.facebook.android:facebook-marketing:4.40.0] AndroidManifest.xml:28:5-33:19
MERGED from [com.facebook.android:facebook-marketing:4.40.0] AndroidManifest.xml:28:5-33:19
MERGED from [com.facebook.android:facebook-core:4.40.0] AndroidManifest.xml:28:5-51:19
MERGED from [com.facebook.android:facebook-core:4.40.0] AndroidManifest.xml:28:5-51:19
	android:supportsRtl
		ADDED from src\main\AndroidManifest.xml:5:114-140
	android:label
		ADDED from src\main\AndroidManifest.xml:5:81-113
	android:hardwareAccelerated
		ADDED from src\main\AndroidManifest.xml:5:18-52
	android:icon
		ADDED from src\main\AndroidManifest.xml:5:53-80
activity#com.easy.vizag.MainActivity
ADDED from src\main\AndroidManifest.xml:6:9-11:20
	android:screenOrientation
		ADDED from src\main\AndroidManifest.xml:6:194-230
	android:label
		ADDED from src\main\AndroidManifest.xml:6:97-134
	android:launchMode
		ADDED from src\main\AndroidManifest.xml:6:135-165
	android:windowSoftInputMode
		ADDED from src\main\AndroidManifest.xml:6:294-336
	android:configChanges
		ADDED from src\main\AndroidManifest.xml:6:19-96
	android:theme
		ADDED from src\main\AndroidManifest.xml:6:231-293
	android:name
		ADDED from src\main\AndroidManifest.xml:6:166-193
intent-filter#android.intent.action.MAIN+android.intent.category.LAUNCHER
ADDED from src\main\AndroidManifest.xml:7:13-10:29
	android:label
		ADDED from src\main\AndroidManifest.xml:7:28-65
action#android.intent.action.MAIN
ADDED from src\main\AndroidManifest.xml:8:17-69
	android:name
		ADDED from src\main\AndroidManifest.xml:8:25-66
category#android.intent.category.LAUNCHER
ADDED from src\main\AndroidManifest.xml:9:17-77
	android:name
		ADDED from src\main\AndroidManifest.xml:9:27-74
meta-data#com.facebook.sdk.ApplicationId
ADDED from src\main\AndroidManifest.xml:15:9-102
	android:value
		ADDED from src\main\AndroidManifest.xml:15:66-99
	android:name
		ADDED from src\main\AndroidManifest.xml:15:20-65
meta-data#com.facebook.sdk.ApplicationName
ADDED from src\main\AndroidManifest.xml:16:9-106
	android:value
		ADDED from src\main\AndroidManifest.xml:16:68-103
	android:name
		ADDED from src\main\AndroidManifest.xml:16:20-67
activity#com.facebook.FacebookActivity
ADDED from src\main\AndroidManifest.xml:17:9-186
MERGED from [com.facebook.android:facebook-common:4.40.0] AndroidManifest.xml:29:9-32:66
MERGED from [com.facebook.android:facebook-common:4.40.0] AndroidManifest.xml:29:9-32:66
	android:label
		ADDED from src\main\AndroidManifest.xml:17:103-138
	android:configChanges
		ADDED from src\main\AndroidManifest.xml:17:19-102
	android:theme
		ADDED from [com.facebook.android:facebook-common:4.40.0] AndroidManifest.xml:32:13-63
	android:name
		ADDED from src\main\AndroidManifest.xml:17:139-183
service#com.google.android.gms.measurement.AppMeasurementService
ADDED from src\main\AndroidManifest.xml:18:9-140
MERGED from [com.google.android.gms:play-services-measurement:16.4.0] AndroidManifest.xml:44:9-47:40
MERGED from [com.google.android.gms:play-services-measurement:16.4.0] AndroidManifest.xml:44:9-47:40
	android:enabled
		ADDED from src\main\AndroidManifest.xml:18:18-40
	android:exported
		ADDED from src\main\AndroidManifest.xml:18:41-65
	android:name
		ADDED from src\main\AndroidManifest.xml:18:66-137
service#org.apache.cordova.firebase.FirebasePluginMessagingService
ADDED from src\main\AndroidManifest.xml:19:9-23:19
	android:name
		ADDED from src\main\AndroidManifest.xml:19:18-91
intent-filter#com.google.firebase.MESSAGING_EVENT
ADDED from src\main\AndroidManifest.xml:20:13-22:29
action#com.google.firebase.MESSAGING_EVENT
ADDED from src\main\AndroidManifest.xml:21:17-78
	android:name
		ADDED from src\main\AndroidManifest.xml:21:25-75
service#org.apache.cordova.firebase.FirebasePluginInstanceIDService
ADDED from src\main\AndroidManifest.xml:24:9-28:19
	android:name
		ADDED from src\main\AndroidManifest.xml:24:18-92
intent-filter#com.google.firebase.INSTANCE_ID_EVENT
ADDED from src\main\AndroidManifest.xml:25:13-27:29
action#com.google.firebase.INSTANCE_ID_EVENT
ADDED from src\main\AndroidManifest.xml:26:17-80
	android:name
		ADDED from src\main\AndroidManifest.xml:26:25-77
receiver#org.apache.cordova.firebase.OnNotificationOpenReceiver
ADDED from src\main\AndroidManifest.xml:29:9-91
	android:name
		ADDED from src\main\AndroidManifest.xml:29:19-88
receiver#nl.xservices.plugins.ShareChooserPendingIntent
ADDED from src\main\AndroidManifest.xml:30:9-34:20
	android:enabled
		ADDED from src\main\AndroidManifest.xml:30:19-41
	android:name
		ADDED from src\main\AndroidManifest.xml:30:42-103
intent-filter#android.intent.action.SEND
ADDED from src\main\AndroidManifest.xml:31:13-33:29
action#android.intent.action.SEND
ADDED from src\main\AndroidManifest.xml:32:17-69
	android:name
		ADDED from src\main\AndroidManifest.xml:32:25-66
amazon:enable-feature
ADDED from src\main\AndroidManifest.xml:38:9-159
	xmlns:amazon
		ADDED from src\main\AndroidManifest.xml:38:100-156
	android:required
		ADDED from src\main\AndroidManifest.xml:38:75-99
	android:name
		ADDED from src\main\AndroidManifest.xml:38:32-74
service#com.onesignal.ADMMessageHandler
ADDED from src\main\AndroidManifest.xml:39:9-92
	android:exported
		ADDED from src\main\AndroidManifest.xml:39:18-42
	android:name
		ADDED from src\main\AndroidManifest.xml:39:43-89
receiver#com.onesignal.ADMMessageHandler$Receiver
ADDED from src\main\AndroidManifest.xml:40:9-46:20
	android:permission
		ADDED from src\main\AndroidManifest.xml:40:75-139
	android:name
		ADDED from src\main\AndroidManifest.xml:40:19-74
intent-filter#com.amazon.device.messaging.intent.RECEIVE+com.amazon.device.messaging.intent.REGISTRATION+com.easy.vizag
ADDED from src\main\AndroidManifest.xml:41:13-45:29
action#com.amazon.device.messaging.intent.REGISTRATION
ADDED from src\main\AndroidManifest.xml:42:17-90
	android:name
		ADDED from src\main\AndroidManifest.xml:42:25-87
action#com.amazon.device.messaging.intent.RECEIVE
ADDED from src\main\AndroidManifest.xml:43:17-85
	android:name
		ADDED from src\main\AndroidManifest.xml:43:25-82
category#com.easy.vizag
ADDED from src\main\AndroidManifest.xml:44:17-59
	android:name
		ADDED from src\main\AndroidManifest.xml:44:27-56
uses-sdk
ADDED from src\main\AndroidManifest.xml:48:5-74
MERGED from [io.card:android-sdk:5.4.0] AndroidManifest.xml:7:5-9:41
MERGED from [io.card:android-sdk:5.4.0] AndroidManifest.xml:7:5-9:41
MERGED from [com.paypal.sdk:paypal-android-sdk:2.15.3] AndroidManifest.xml:5:5-7:41
MERGED from [com.paypal.sdk:paypal-android-sdk:2.15.3] AndroidManifest.xml:5:5-7:41
MERGED from [me.leolin:ShortcutBadger:1.1.4] AndroidManifest.xml:7:5-9:41
MERGED from [me.leolin:ShortcutBadger:1.1.4] AndroidManifest.xml:7:5-9:41
MERGED from [com.google.firebase:firebase-auth:16.2.1] AndroidManifest.xml:21:5-44
MERGED from [com.google.firebase:firebase-auth:16.2.1] AndroidManifest.xml:21:5-44
MERGED from [com.crashlytics.sdk.android:crashlytics:2.9.1] AndroidManifest.xml:7:5-43
MERGED from [com.crashlytics.sdk.android:crashlytics:2.9.1] AndroidManifest.xml:7:5-43
MERGED from [com.onesignal:OneSignal:3.10.5] AndroidManifest.xml:5:5-44
MERGED from [com.onesignal:OneSignal:3.10.5] AndroidManifest.xml:5:5-44
MERGED from [com.facebook.android:facebook-android-sdk:4.40.0] AndroidManifest.xml:24:5-26:41
MERGED from [com.facebook.android:facebook-android-sdk:4.40.0] AndroidManifest.xml:24:5-26:41
MERGED from [com.facebook.android:facebook-login:4.40.0] AndroidManifest.xml:24:5-26:41
MERGED from [com.facebook.android:facebook-login:4.40.0] AndroidManifest.xml:24:5-26:41
MERGED from [com.facebook.android:facebook-share:4.40.0] AndroidManifest.xml:24:5-26:41
MERGED from [com.facebook.android:facebook-share:4.40.0] AndroidManifest.xml:24:5-26:41
MERGED from [com.facebook.android:facebook-common:4.40.0] AndroidManifest.xml:24:5-26:41
MERGED from [com.facebook.android:facebook-common:4.40.0] AndroidManifest.xml:24:5-26:41
MERGED from [com.google.android.gms:play-services-tagmanager:16.0.8] AndroidManifest.xml:20:5-44
MERGED from [com.google.android.gms:play-services-tagmanager:16.0.8] AndroidManifest.xml:20:5-44
MERGED from [com.google.firebase:firebase-perf:16.2.5] AndroidManifest.xml:20:5-44
MERGED from [com.google.firebase:firebase-perf:16.2.5] AndroidManifest.xml:20:5-44
MERGED from [com.google.android.gms:play-services-auth:15.0.1] AndroidManifest.xml:20:5-44
MERGED from [com.google.android.gms:play-services-auth:15.0.1] AndroidManifest.xml:20:5-44
MERGED from [com.google.android.gms:play-services-identity:15.0.1] AndroidManifest.xml:20:5-44
MERGED from [com.google.android.gms:play-services-identity:15.0.1] AndroidManifest.xml:20:5-44
MERGED from [com.google.android.gms:play-services-tagmanager-api:16.0.8] AndroidManifest.xml:20:5-44
MERGED from [com.google.android.gms:play-services-tagmanager-api:16.0.8] AndroidManifest.xml:20:5-44
MERGED from [com.google.android.gms:play-services-analytics-impl:16.0.8] AndroidManifest.xml:20:5-44
MERGED from [com.google.android.gms:play-services-analytics-impl:16.0.8] AndroidManifest.xml:20:5-44
MERGED from [com.google.firebase:firebase-core:16.0.8] AndroidManifest.xml:5:5-44
MERGED from [com.google.firebase:firebase-core:16.0.8] AndroidManifest.xml:5:5-44
MERGED from [com.google.firebase:firebase-analytics:16.4.0] AndroidManifest.xml:5:5-44
MERGED from [com.google.firebase:firebase-analytics:16.4.0] AndroidManifest.xml:5:5-44
MERGED from [com.google.android.gms:play-services-measurement:16.4.0] AndroidManifest.xml:20:5-44
MERGED from [com.google.android.gms:play-services-measurement:16.4.0] AndroidManifest.xml:20:5-44
MERGED from [com.google.android.gms:play-services-measurement-api:16.4.0] AndroidManifest.xml:20:5-44
MERGED from [com.google.android.gms:play-services-measurement-api:16.4.0] AndroidManifest.xml:20:5-44
MERGED from [com.google.android.gms:play-services-measurement-sdk:16.4.0] AndroidManifest.xml:20:5-44
MERGED from [com.google.android.gms:play-services-measurement-sdk:16.4.0] AndroidManifest.xml:20:5-44
MERGED from [com.google.android.gms:play-services-measurement-impl:16.4.0] AndroidManifest.xml:20:5-44